2023-10-12 12:38:35,165 | INFO | Kayıtlı anahtar: BLANK	 Sonra eriş tarihi: BLANK	 En son geçme tarihi: 2023-10-06
2023-10-12 12:38:35,165 | INFO | Daha önce geçilmiş
2023-10-12 12:38:35,165 | INFO | It's been two days after last validation skip.
2023-10-12 12:38:35,175 | INFO | [Errno 2] Böyle bir dosya ya da dizin yok: '/home/yusuf/Belgeler/Projects/Software/Kelebek/BETA/Application/kelebek.conf' | kelebek.conf bulunamadı
2023-10-12 12:38:36,578 | INFO | Skipping licence validation. Starting the application.
2023-10-12 12:38:41,941 | INFO | Kayıtlı anahtar: BLANK	 Sonra eriş tarihi: BLANK	 En son geçme tarihi: 2023-10-06
2023-10-12 12:38:41,941 | INFO | Daha önce geçilmiş
2023-10-12 12:38:41,941 | INFO | It's been two days after last validation skip.
2023-10-12 12:38:41,952 | INFO | [Errno 2] Böyle bir dosya ya da dizin yok: '/home/yusuf/Belgeler/Projects/Software/Kelebek/BETA/Application/kelebek.conf' | kelebek.conf bulunamadı
2023-10-12 12:38:43,066 | INFO | Skipping licence validation. Starting the application.
2023-10-12 12:40:57,954 | INFO | Kayıtlı anahtar: BLANK	 Sonra eriş tarihi: BLANK	 En son geçme tarihi: 2023-10-12
2023-10-12 12:40:57,954 | INFO | Daha önce geçilmiş
2023-10-12 12:40:57,954 | INFO | It's not been too much after last validation skip.
2023-10-12 12:41:14,547 | INFO | Kayıtlı anahtar: BLANK	 Sonra eriş tarihi: BLANK	 En son geçme tarihi: 2023-10-12
2023-10-12 12:41:14,547 | INFO | Daha önce geçilmiş
2023-10-12 12:41:14,547 | INFO | It's not been too much after last validation skip.
2023-10-12 12:42:06,641 | INFO | Kayıtlı anahtar: BLANK	 Sonra eriş tarihi: BLANK	 En son geçme tarihi: 2023-10-12
2023-10-12 12:42:06,641 | INFO | Daha önce geçilmiş
2023-10-12 12:42:06,641 | INFO | It's not been too much after last validation skip.
2023-10-12 12:42:57,079 | INFO | Kayıtlı anahtar: BLANK	 Sonra eriş tarihi: BLANK	 En son geçme tarihi: 2023-10-12
2023-10-12 12:42:57,079 | INFO | Daha önce geçilmiş
2023-10-12 12:42:57,079 | INFO | It's not been too much after last validation skip.
2023-10-12 12:43:37,885 | INFO | Kayıtlı anahtar: BLANK	 Sonra eriş tarihi: BLANK	 En son geçme tarihi: 2023-10-12
2023-10-12 12:43:37,885 | INFO | Daha önce geçilmiş
2023-10-12 12:43:37,885 | INFO | It's not been too much after last validation skip.
