2023-09-05 16:47:35,399 | INFO | Kayıtlı anahtar: BLANK	 Sonra eriş tarihi: BLANK	 En son geçme tarihi: BLANK
2023-09-05 16:47:35,399 | INFO | Hiç giriş yapılmamış
2023-09-05 16:47:35,406 | INFO | [Errno 2] Böyle bir dosya ya da dizin yok: '/home/yusuf/Belgeler/Projects/Software/Kelebek/BETA/Application/kelebek.conf' | kelebek.conf bulunamadı
2023-09-05 16:47:37,506 | INFO | Validation refused. Exiting the application.
2023-09-05 17:11:59,747 | INFO | Kayıtlı anahtar: BLANK	 Sonra eriş tarihi: BLANK	 En son geçme tarihi: BLANK
2023-09-05 17:11:59,747 | INFO | Hiç giriş yapılmamış
2023-09-05 17:11:59,752 | INFO | [Errno 2] Böyle bir dosya ya da dizin yok: '/home/yusuf/Belgeler/Projects/Software/Kelebek/BETA/Application/kelebek.conf' | kelebek.conf bulunamadı
2023-09-05 17:12:01,679 | INFO | Skipping licence validation. Starting the application.
2023-09-05 17:12:04,190 | INFO | Kayıtlı anahtar: BLANK	 Sonra eriş tarihi: BLANK	 En son geçme tarihi: 2023-09-05
2023-09-05 17:12:04,191 | INFO | Daha önce geçilmiş
2023-09-05 17:12:04,191 | INFO | It's not been too much after last validation skip.
2023-09-05 17:17:08,797 | INFO | Kayıtlı anahtar: BLANK	 Sonra eriş tarihi: BLANK	 En son geçme tarihi: 2023-09-05
2023-09-05 17:17:08,797 | INFO | Daha önce geçilmiş
2023-09-05 17:17:08,797 | INFO | It's not been too much after last validation skip.
2023-09-05 17:19:42,684 | INFO | Arşivleniyor
2023-09-05 17:19:42,686 | INFO | Arşivleme tamamlandı
2023-09-05 17:19:44,703 | INFO | Arşivleniyor
2023-09-05 17:19:44,706 | INFO | Arşivleme tamamlandı
2023-09-05 17:19:44,883 | INFO | Arşivleniyor
2023-09-05 17:19:44,886 | INFO | Arşivleme tamamlandı
2023-09-05 17:20:57,963 | INFO | Kayıtlı anahtar: BLANK	 Sonra eriş tarihi: BLANK	 En son geçme tarihi: 2023-09-05
2023-09-05 17:20:57,964 | INFO | Daha önce geçilmiş
2023-09-05 17:20:57,964 | INFO | It's not been too much after last validation skip.
2023-09-05 17:21:02,014 | INFO | Kayıtlı anahtar: BLANK	 Sonra eriş tarihi: BLANK	 En son geçme tarihi: 2023-09-05
2023-09-05 17:21:02,014 | INFO | Daha önce geçilmiş
2023-09-05 17:21:02,014 | INFO | It's not been too much after last validation skip.
2023-09-05 17:25:01,150 | INFO | Kayıtlı anahtar: BLANK	 Sonra eriş tarihi: BLANK	 En son geçme tarihi: 2023-09-05
2023-09-05 17:25:01,150 | INFO | Daha önce geçilmiş
2023-09-05 17:25:01,151 | INFO | It's not been too much after last validation skip.
2023-09-05 17:25:14,737 | INFO | Kayıtlı anahtar: BLANK	 Sonra eriş tarihi: BLANK	 En son geçme tarihi: 2023-09-05
2023-09-05 17:25:14,737 | INFO | Daha önce geçilmiş
2023-09-05 17:25:14,738 | INFO | It's not been too much after last validation skip.
2023-09-05 17:25:50,087 | INFO | Kayıtlı anahtar: BLANK	 Sonra eriş tarihi: BLANK	 En son geçme tarihi: 2023-09-05
2023-09-05 17:25:50,088 | INFO | Daha önce geçilmiş
2023-09-05 17:25:50,088 | INFO | It's not been too much after last validation skip.
2023-09-05 17:25:57,215 | INFO | Kayıtlı anahtar: BLANK	 Sonra eriş tarihi: BLANK	 En son geçme tarihi: 2023-09-05
2023-09-05 17:25:57,215 | INFO | Daha önce geçilmiş
2023-09-05 17:25:57,215 | INFO | It's not been too much after last validation skip.
2023-09-05 17:37:07,969 | INFO | Kayıtlı anahtar: BLANK	 Sonra eriş tarihi: BLANK	 En son geçme tarihi: 2023-09-05
2023-09-05 17:37:07,970 | INFO | Daha önce geçilmiş
2023-09-05 17:37:07,970 | INFO | It's not been too much after last validation skip.
2023-09-05 19:08:44,411 | INFO | Kayıtlı anahtar: BLANK	 Sonra eriş tarihi: BLANK	 En son geçme tarihi: 2023-09-05
2023-09-05 19:08:44,412 | INFO | Daha önce geçilmiş
2023-09-05 19:08:44,412 | INFO | It's not been too much after last validation skip.
