2023-09-16 19:44:40,065 | INFO | Kayıtlı anahtar: BLANK	 Sonra eriş tarihi: BLANK	 En son geçme tarihi: 2023-09-15
2023-09-16 19:44:40,065 | INFO | Daha önce geçilmiş
2023-09-16 19:44:40,065 | INFO | It's not been too much after last validation skip.
2023-09-16 19:45:44,687 | INFO | Kayıtlı anahtar: BLANK	 Sonra eriş tarihi: BLANK	 En son geçme tarihi: 2023-09-15
2023-09-16 19:45:44,687 | INFO | Daha önce geçilmiş
2023-09-16 19:45:44,687 | INFO | It's not been too much after last validation skip.
2023-09-16 19:46:02,555 | INFO | Kayıtlı anahtar: BLANK	 Sonra eriş tarihi: BLANK	 En son geçme tarihi: 2023-09-15
2023-09-16 19:46:02,556 | INFO | Daha önce geçilmiş
2023-09-16 19:46:02,556 | INFO | It's not been too much after last validation skip.
2023-09-16 19:46:45,113 | INFO | Kayıtlı anahtar: BLANK	 Sonra eriş tarihi: BLANK	 En son geçme tarihi: 2023-09-15
2023-09-16 19:46:45,113 | INFO | Daha önce geçilmiş
2023-09-16 19:46:45,113 | INFO | It's not been too much after last validation skip.
2023-09-16 19:49:13,734 | INFO | Kayıtlı anahtar: BLANK	 Sonra eriş tarihi: BLANK	 En son geçme tarihi: 2023-09-15
2023-09-16 19:49:13,735 | INFO | Daha önce geçilmiş
2023-09-16 19:49:13,735 | INFO | It's not been too much after last validation skip.
2023-09-16 19:49:43,869 | INFO | Kayıtlı anahtar: BLANK	 Sonra eriş tarihi: BLANK	 En son geçme tarihi: 2023-09-15
2023-09-16 19:49:43,869 | INFO | Daha önce geçilmiş
2023-09-16 19:49:43,869 | INFO | It's not been too much after last validation skip.
2023-09-16 19:50:10,845 | INFO | Kayıtlı anahtar: BLANK	 Sonra eriş tarihi: BLANK	 En son geçme tarihi: 2023-09-15
2023-09-16 19:50:10,846 | INFO | Daha önce geçilmiş
2023-09-16 19:50:10,846 | INFO | It's not been too much after last validation skip.
2023-09-16 19:52:03,251 | INFO | Kayıtlı anahtar: BLANK	 Sonra eriş tarihi: BLANK	 En son geçme tarihi: 2023-09-15
2023-09-16 19:52:03,251 | INFO | Daha önce geçilmiş
2023-09-16 19:52:03,251 | INFO | It's not been too much after last validation skip.
2023-09-16 19:52:57,534 | INFO | Kayıtlı anahtar: BLANK	 Sonra eriş tarihi: BLANK	 En son geçme tarihi: 2023-09-15
2023-09-16 19:52:57,534 | INFO | Daha önce geçilmiş
2023-09-16 19:52:57,534 | INFO | It's not been too much after last validation skip.
2023-09-16 19:53:03,073 | INFO | Kayıtlı anahtar: BLANK	 Sonra eriş tarihi: BLANK	 En son geçme tarihi: 2023-09-15
2023-09-16 19:53:03,073 | INFO | Daha önce geçilmiş
2023-09-16 19:53:03,074 | INFO | It's not been too much after last validation skip.
2023-09-16 19:54:31,903 | INFO | Kayıtlı anahtar: BLANK	 Sonra eriş tarihi: BLANK	 En son geçme tarihi: 2023-09-15
2023-09-16 19:54:31,903 | INFO | Daha önce geçilmiş
2023-09-16 19:54:31,903 | INFO | It's not been too much after last validation skip.
2023-09-16 19:56:02,185 | INFO | Kayıtlı anahtar: BLANK	 Sonra eriş tarihi: BLANK	 En son geçme tarihi: 2023-09-15
2023-09-16 19:56:02,186 | INFO | Daha önce geçilmiş
2023-09-16 19:56:02,186 | INFO | It's not been too much after last validation skip.
2023-09-16 20:06:41,167 | INFO | Kayıtlı anahtar: BLANK	 Sonra eriş tarihi: BLANK	 En son geçme tarihi: 2023-09-15
2023-09-16 20:06:41,167 | INFO | Daha önce geçilmiş
2023-09-16 20:06:41,167 | INFO | It's not been too much after last validation skip.
2023-09-16 20:07:01,031 | INFO | Kayıtlı anahtar: BLANK	 Sonra eriş tarihi: BLANK	 En son geçme tarihi: 2023-09-15
2023-09-16 20:07:01,031 | INFO | Daha önce geçilmiş
2023-09-16 20:07:01,032 | INFO | It's not been too much after last validation skip.
2023-09-16 20:09:12,711 | INFO | Kayıtlı anahtar: BLANK	 Sonra eriş tarihi: BLANK	 En son geçme tarihi: 2023-09-15
2023-09-16 20:09:12,711 | INFO | Daha önce geçilmiş
2023-09-16 20:09:12,712 | INFO | It's not been too much after last validation skip.
2023-09-16 20:09:15,328 | INFO | Kayıtlı anahtar: BLANK	 Sonra eriş tarihi: BLANK	 En son geçme tarihi: 2023-09-15
2023-09-16 20:09:15,329 | INFO | Daha önce geçilmiş
2023-09-16 20:09:15,329 | INFO | It's not been too much after last validation skip.
2023-09-16 20:09:41,917 | INFO | Kayıtlı anahtar: BLANK	 Sonra eriş tarihi: BLANK	 En son geçme tarihi: 2023-09-15
2023-09-16 20:09:41,917 | INFO | Daha önce geçilmiş
2023-09-16 20:09:41,917 | INFO | It's not been too much after last validation skip.
2023-09-16 20:10:39,388 | INFO | Kayıtlı anahtar: BLANK	 Sonra eriş tarihi: BLANK	 En son geçme tarihi: 2023-09-15
2023-09-16 20:10:39,389 | INFO | Daha önce geçilmiş
2023-09-16 20:10:39,389 | INFO | It's not been too much after last validation skip.
2023-09-16 20:10:56,495 | INFO | Kayıtlı anahtar: BLANK	 Sonra eriş tarihi: BLANK	 En son geçme tarihi: 2023-09-15
2023-09-16 20:10:56,495 | INFO | Daha önce geçilmiş
2023-09-16 20:10:56,495 | INFO | It's not been too much after last validation skip.
2023-09-16 20:12:47,709 | INFO | Kayıtlı anahtar: BLANK	 Sonra eriş tarihi: BLANK	 En son geçme tarihi: 2023-09-15
2023-09-16 20:12:47,710 | INFO | Daha önce geçilmiş
2023-09-16 20:12:47,710 | INFO | It's not been too much after last validation skip.
2023-09-16 20:13:30,701 | INFO | Kayıtlı anahtar: BLANK	 Sonra eriş tarihi: BLANK	 En son geçme tarihi: 2023-09-15
2023-09-16 20:13:30,701 | INFO | Daha önce geçilmiş
2023-09-16 20:13:30,701 | INFO | It's not been too much after last validation skip.
2023-09-16 20:13:59,776 | INFO | Kayıtlı anahtar: BLANK	 Sonra eriş tarihi: BLANK	 En son geçme tarihi: 2023-09-15
2023-09-16 20:13:59,776 | INFO | Daha önce geçilmiş
2023-09-16 20:13:59,776 | INFO | It's not been too much after last validation skip.
2023-09-16 20:25:10,140 | INFO | Kayıtlı anahtar: BLANK	 Sonra eriş tarihi: BLANK	 En son geçme tarihi: 2023-09-15
2023-09-16 20:25:10,140 | INFO | Daha önce geçilmiş
2023-09-16 20:25:10,140 | INFO | It's not been too much after last validation skip.
2023-09-16 20:26:07,848 | INFO | Kayıtlı anahtar: BLANK	 Sonra eriş tarihi: BLANK	 En son geçme tarihi: 2023-09-15
2023-09-16 20:26:07,848 | INFO | Daha önce geçilmiş
2023-09-16 20:26:07,848 | INFO | It's not been too much after last validation skip.
2023-09-16 20:27:12,331 | INFO | Kayıtlı anahtar: BLANK	 Sonra eriş tarihi: BLANK	 En son geçme tarihi: 2023-09-15
2023-09-16 20:27:12,331 | INFO | Daha önce geçilmiş
2023-09-16 20:27:12,331 | INFO | It's not been too much after last validation skip.
2023-09-16 20:27:43,711 | INFO | Kayıtlı anahtar: BLANK	 Sonra eriş tarihi: BLANK	 En son geçme tarihi: 2023-09-15
2023-09-16 20:27:43,711 | INFO | Daha önce geçilmiş
2023-09-16 20:27:43,711 | INFO | It's not been too much after last validation skip.
2023-09-16 20:28:44,255 | INFO | Kayıtlı anahtar: BLANK	 Sonra eriş tarihi: BLANK	 En son geçme tarihi: 2023-09-15
2023-09-16 20:28:44,255 | INFO | Daha önce geçilmiş
2023-09-16 20:28:44,255 | INFO | It's not been too much after last validation skip.
2023-09-16 20:29:36,846 | INFO | Kayıtlı anahtar: BLANK	 Sonra eriş tarihi: BLANK	 En son geçme tarihi: 2023-09-15
2023-09-16 20:29:36,846 | INFO | Daha önce geçilmiş
2023-09-16 20:29:36,846 | INFO | It's not been too much after last validation skip.
2023-09-16 20:30:12,602 | INFO | Kayıtlı anahtar: BLANK	 Sonra eriş tarihi: BLANK	 En son geçme tarihi: 2023-09-15
2023-09-16 20:30:12,602 | INFO | Daha önce geçilmiş
2023-09-16 20:30:12,602 | INFO | It's not been too much after last validation skip.
2023-09-16 20:30:20,676 | INFO | Kayıtlı anahtar: BLANK	 Sonra eriş tarihi: BLANK	 En son geçme tarihi: 2023-09-15
2023-09-16 20:30:20,676 | INFO | Daha önce geçilmiş
2023-09-16 20:30:20,676 | INFO | It's not been too much after last validation skip.
2023-09-16 20:30:38,272 | INFO | Kayıtlı anahtar: BLANK	 Sonra eriş tarihi: BLANK	 En son geçme tarihi: 2023-09-15
2023-09-16 20:30:38,272 | INFO | Daha önce geçilmiş
2023-09-16 20:30:38,272 | INFO | It's not been too much after last validation skip.
2023-09-16 20:31:02,034 | INFO | Kayıtlı anahtar: BLANK	 Sonra eriş tarihi: BLANK	 En son geçme tarihi: 2023-09-15
2023-09-16 20:31:02,034 | INFO | Daha önce geçilmiş
2023-09-16 20:31:02,034 | INFO | It's not been too much after last validation skip.
2023-09-16 20:33:37,739 | INFO | Kayıtlı anahtar: BLANK	 Sonra eriş tarihi: BLANK	 En son geçme tarihi: 2023-09-15
2023-09-16 20:33:37,739 | INFO | Daha önce geçilmiş
2023-09-16 20:33:37,739 | INFO | It's not been too much after last validation skip.
2023-09-16 20:34:03,550 | INFO | Kayıtlı anahtar: BLANK	 Sonra eriş tarihi: BLANK	 En son geçme tarihi: 2023-09-15
2023-09-16 20:34:03,550 | INFO | Daha önce geçilmiş
2023-09-16 20:34:03,550 | INFO | It's not been too much after last validation skip.
2023-09-16 20:35:40,984 | INFO | Kayıtlı anahtar: BLANK	 Sonra eriş tarihi: BLANK	 En son geçme tarihi: 2023-09-15
2023-09-16 20:35:40,984 | INFO | Daha önce geçilmiş
2023-09-16 20:35:40,984 | INFO | It's not been too much after last validation skip.
2023-09-16 20:37:01,415 | INFO | Kayıtlı anahtar: BLANK	 Sonra eriş tarihi: BLANK	 En son geçme tarihi: 2023-09-15
2023-09-16 20:37:01,415 | INFO | Daha önce geçilmiş
2023-09-16 20:37:01,415 | INFO | It's not been too much after last validation skip.
2023-09-16 20:38:22,049 | INFO | Kayıtlı anahtar: BLANK	 Sonra eriş tarihi: BLANK	 En son geçme tarihi: 2023-09-15
2023-09-16 20:38:22,049 | INFO | Daha önce geçilmiş
2023-09-16 20:38:22,049 | INFO | It's not been too much after last validation skip.
2023-09-16 20:39:02,775 | INFO | Kayıtlı anahtar: BLANK	 Sonra eriş tarihi: BLANK	 En son geçme tarihi: 2023-09-15
2023-09-16 20:39:02,775 | INFO | Daha önce geçilmiş
2023-09-16 20:39:02,775 | INFO | It's not been too much after last validation skip.
2023-09-16 20:41:44,918 | INFO | Kayıtlı anahtar: BLANK	 Sonra eriş tarihi: BLANK	 En son geçme tarihi: 2023-09-15
2023-09-16 20:41:44,918 | INFO | Daha önce geçilmiş
2023-09-16 20:41:44,918 | INFO | It's not been too much after last validation skip.
2023-09-16 20:42:37,106 | INFO | Kayıtlı anahtar: BLANK	 Sonra eriş tarihi: BLANK	 En son geçme tarihi: 2023-09-15
2023-09-16 20:42:37,107 | INFO | Daha önce geçilmiş
2023-09-16 20:42:37,107 | INFO | It's not been too much after last validation skip.
2023-09-16 20:42:53,691 | INFO | Kayıtlı anahtar: BLANK	 Sonra eriş tarihi: BLANK	 En son geçme tarihi: 2023-09-15
2023-09-16 20:42:53,691 | INFO | Daha önce geçilmiş
2023-09-16 20:42:53,691 | INFO | It's not been too much after last validation skip.
2023-09-16 20:42:59,819 | INFO | Kayıtlı anahtar: BLANK	 Sonra eriş tarihi: BLANK	 En son geçme tarihi: 2023-09-15
2023-09-16 20:42:59,819 | INFO | Daha önce geçilmiş
2023-09-16 20:42:59,819 | INFO | It's not been too much after last validation skip.
2023-09-16 20:44:00,371 | INFO | Arşivleniyor
2023-09-16 20:44:00,373 | INFO | Arşivleme tamamlandı
2023-09-16 20:44:05,462 | INFO | Arşivleniyor
2023-09-16 20:44:05,463 | INFO | Arşivleme tamamlandı
2023-09-16 20:44:10,321 | INFO | Arşivden çıkartılıyor
2023-09-16 20:44:10,322 | INFO | Arşivleme tamamlandı
2023-09-16 20:44:11,787 | INFO | Arşivden çıkartılıyor
2023-09-16 20:44:11,789 | INFO | Arşivleme tamamlandı
2023-09-16 20:46:14,767 | INFO | Arşivleniyor
2023-09-16 20:46:14,768 | INFO | Arşivleme tamamlandı
2023-09-16 20:46:16,242 | INFO | Arşivleniyor
2023-09-16 20:46:16,243 | INFO | Arşivleme tamamlandı
