2023-09-17 16:27:29,193 | INFO | Kayıtlı anahtar: BLANK	 Sonra eriş tarihi: BLANK	 En son geçme tarihi: 2023-09-15
2023-09-17 16:27:29,193 | INFO | Daha önce geçilmiş
2023-09-17 16:27:29,194 | INFO | It's been two days after last validation skip.
2023-09-17 16:27:29,207 | INFO | [Errno 2] Böyle bir dosya ya da dizin yok: '/home/yusuf/Belgeler/Projects/Software/Kelebek/BETA/Application/kelebek.conf' | kelebek.conf bulunamadı
2023-09-17 16:27:32,504 | INFO | Skipping licence validation. Starting the application.
2023-09-17 16:27:37,484 | INFO | Kayıtlı anahtar: BLANK	 Sonra eriş tarihi: BLANK	 En son geçme tarihi: 2023-09-15
2023-09-17 16:27:37,484 | INFO | Daha önce geçilmiş
2023-09-17 16:27:37,485 | INFO | It's been two days after last validation skip.
2023-09-17 16:27:37,491 | INFO | [Errno 2] Böyle bir dosya ya da dizin yok: '/home/yusuf/Belgeler/Projects/Software/Kelebek/BETA/Application/kelebek.conf' | kelebek.conf bulunamadı
2023-09-17 16:27:53,876 | INFO | Skipping licence validation. Starting the application.
2023-09-17 16:27:57,754 | INFO | Kayıtlı anahtar: BLANK	 Sonra eriş tarihi: BLANK	 En son geçme tarihi: 2023-09-15
2023-09-17 16:27:57,754 | INFO | Daha önce geçilmiş
2023-09-17 16:27:57,754 | INFO | It's been two days after last validation skip.
2023-09-17 16:27:57,760 | INFO | [Errno 2] Böyle bir dosya ya da dizin yok: '/home/yusuf/Belgeler/Projects/Software/Kelebek/BETA/Application/kelebek.conf' | kelebek.conf bulunamadı
2023-09-17 16:28:14,211 | INFO | Validation refused. Exiting the application.
2023-09-17 16:28:48,912 | INFO | Kayıtlı anahtar: BLANK	 Sonra eriş tarihi: BLANK	 En son geçme tarihi: BLANK
2023-09-17 16:28:48,913 | INFO | Hiç giriş yapılmamış
2023-09-17 16:28:48,921 | INFO | [Errno 2] Böyle bir dosya ya da dizin yok: '/home/yusuf/Belgeler/Projects/Software/Kelebek/BETA/Application/kelebek.conf' | kelebek.conf bulunamadı
2023-09-17 16:28:50,033 | INFO | Skipping licence validation. Starting the application.
2023-09-17 16:28:52,871 | INFO | Kayıtlı anahtar: BLANK	 Sonra eriş tarihi: BLANK	 En son geçme tarihi: 2023-09-17
2023-09-17 16:28:52,871 | INFO | Daha önce geçilmiş
2023-09-17 16:28:52,871 | INFO | It's not been too much after last validation skip.
2023-09-17 16:28:59,603 | INFO | Kayıtlı anahtar: BLANK	 Sonra eriş tarihi: BLANK	 En son geçme tarihi: 2023-09-17
2023-09-17 16:28:59,603 | INFO | Daha önce geçilmiş
2023-09-17 16:28:59,603 | INFO | It's not been too much after last validation skip.
2023-09-17 16:45:01,039 | INFO | Kayıtlı anahtar: BLANK	 Sonra eriş tarihi: BLANK	 En son geçme tarihi: 2023-09-17
2023-09-17 16:45:01,039 | INFO | Daha önce geçilmiş
2023-09-17 16:45:01,039 | INFO | It's not been too much after last validation skip.
2023-09-17 16:51:16,136 | INFO | Kayıtlı anahtar: BLANK	 Sonra eriş tarihi: BLANK	 En son geçme tarihi: 2023-09-17
2023-09-17 16:51:16,136 | INFO | Daha önce geçilmiş
2023-09-17 16:51:16,136 | INFO | It's not been too much after last validation skip.
2023-09-17 16:53:25,316 | INFO | Kayıtlı anahtar: BLANK	 Sonra eriş tarihi: BLANK	 En son geçme tarihi: 2023-09-17
2023-09-17 16:53:25,316 | INFO | Daha önce geçilmiş
2023-09-17 16:53:25,316 | INFO | It's not been too much after last validation skip.
2023-09-17 16:53:48,763 | INFO | Kayıtlı anahtar: BLANK	 Sonra eriş tarihi: BLANK	 En son geçme tarihi: 2023-09-17
2023-09-17 16:53:48,763 | INFO | Daha önce geçilmiş
2023-09-17 16:53:48,763 | INFO | It's not been too much after last validation skip.
2023-09-17 16:56:00,959 | INFO | Kayıtlı anahtar: BLANK	 Sonra eriş tarihi: BLANK	 En son geçme tarihi: 2023-09-17
2023-09-17 16:56:00,959 | INFO | Daha önce geçilmiş
2023-09-17 16:56:00,959 | INFO | It's not been too much after last validation skip.
2023-09-17 16:58:07,969 | INFO | Kayıtlı anahtar: BLANK	 Sonra eriş tarihi: BLANK	 En son geçme tarihi: 2023-09-17
2023-09-17 16:58:07,970 | INFO | Daha önce geçilmiş
2023-09-17 16:58:07,970 | INFO | It's not been too much after last validation skip.
2023-09-17 17:07:27,841 | INFO | Kayıtlı anahtar: BLANK	 Sonra eriş tarihi: BLANK	 En son geçme tarihi: 2023-09-17
2023-09-17 17:07:27,841 | INFO | Daha önce geçilmiş
2023-09-17 17:07:27,842 | INFO | It's not been too much after last validation skip.
2023-09-17 17:08:34,172 | INFO | Kayıtlı anahtar: BLANK	 Sonra eriş tarihi: BLANK	 En son geçme tarihi: 2023-09-17
2023-09-17 17:08:34,173 | INFO | Daha önce geçilmiş
2023-09-17 17:08:34,173 | INFO | It's not been too much after last validation skip.
2023-09-17 17:10:50,643 | INFO | Kayıtlı anahtar: BLANK	 Sonra eriş tarihi: BLANK	 En son geçme tarihi: 2023-09-17
2023-09-17 17:10:50,643 | INFO | Daha önce geçilmiş
2023-09-17 17:10:50,643 | INFO | It's not been too much after last validation skip.
2023-09-17 17:11:36,707 | INFO | Kayıtlı anahtar: BLANK	 Sonra eriş tarihi: BLANK	 En son geçme tarihi: 2023-09-17
2023-09-17 17:11:36,707 | INFO | Daha önce geçilmiş
2023-09-17 17:11:36,707 | INFO | It's not been too much after last validation skip.
2023-09-17 17:12:20,668 | INFO | Kayıtlı anahtar: BLANK	 Sonra eriş tarihi: BLANK	 En son geçme tarihi: 2023-09-17
2023-09-17 17:12:20,668 | INFO | Daha önce geçilmiş
2023-09-17 17:12:20,668 | INFO | It's not been too much after last validation skip.
2023-09-17 17:15:24,619 | INFO | Kayıtlı anahtar: BLANK	 Sonra eriş tarihi: BLANK	 En son geçme tarihi: 2023-09-17
2023-09-17 17:15:24,619 | INFO | Daha önce geçilmiş
2023-09-17 17:15:24,619 | INFO | It's not been too much after last validation skip.
2023-09-17 17:16:01,414 | INFO | Kayıtlı anahtar: BLANK	 Sonra eriş tarihi: BLANK	 En son geçme tarihi: 2023-09-17
2023-09-17 17:16:01,415 | INFO | Daha önce geçilmiş
2023-09-17 17:16:01,415 | INFO | It's not been too much after last validation skip.
2023-09-17 17:19:33,573 | INFO | Kayıtlı anahtar: BLANK	 Sonra eriş tarihi: BLANK	 En son geçme tarihi: 2023-09-17
2023-09-17 17:19:33,574 | INFO | Daha önce geçilmiş
2023-09-17 17:19:33,574 | INFO | It's not been too much after last validation skip.
2023-09-17 17:21:30,841 | INFO | Kayıtlı anahtar: BLANK	 Sonra eriş tarihi: BLANK	 En son geçme tarihi: 2023-09-17
2023-09-17 17:21:30,841 | INFO | Daha önce geçilmiş
2023-09-17 17:21:30,841 | INFO | It's not been too much after last validation skip.
2023-09-17 17:22:29,073 | INFO | Kayıtlı anahtar: BLANK	 Sonra eriş tarihi: BLANK	 En son geçme tarihi: 2023-09-17
2023-09-17 17:22:29,073 | INFO | Daha önce geçilmiş
2023-09-17 17:22:29,073 | INFO | It's not been too much after last validation skip.
2023-09-17 17:24:04,250 | INFO | Kayıtlı anahtar: BLANK	 Sonra eriş tarihi: BLANK	 En son geçme tarihi: 2023-09-17
2023-09-17 17:24:04,250 | INFO | Daha önce geçilmiş
2023-09-17 17:24:04,250 | INFO | It's not been too much after last validation skip.
2023-09-17 17:26:27,353 | INFO | Kayıtlı anahtar: BLANK	 Sonra eriş tarihi: BLANK	 En son geçme tarihi: 2023-09-17
2023-09-17 17:26:27,353 | INFO | Daha önce geçilmiş
2023-09-17 17:26:27,353 | INFO | It's not been too much after last validation skip.
2023-09-17 17:34:36,659 | INFO | Kayıtlı anahtar: BLANK	 Sonra eriş tarihi: BLANK	 En son geçme tarihi: 2023-09-17
2023-09-17 17:34:36,659 | INFO | Daha önce geçilmiş
2023-09-17 17:34:36,659 | INFO | It's not been too much after last validation skip.
2023-09-17 17:35:31,557 | INFO | Kayıtlı anahtar: BLANK	 Sonra eriş tarihi: BLANK	 En son geçme tarihi: 2023-09-17
2023-09-17 17:35:31,557 | INFO | Daha önce geçilmiş
2023-09-17 17:35:31,557 | INFO | It's not been too much after last validation skip.
2023-09-17 17:35:51,592 | INFO | Kayıtlı anahtar: BLANK	 Sonra eriş tarihi: BLANK	 En son geçme tarihi: 2023-09-17
2023-09-17 17:35:51,592 | INFO | Daha önce geçilmiş
2023-09-17 17:35:51,592 | INFO | It's not been too much after last validation skip.
2023-09-17 17:52:43,935 | INFO | Kayıtlı anahtar: BLANK	 Sonra eriş tarihi: BLANK	 En son geçme tarihi: 2023-09-17
2023-09-17 17:52:43,936 | INFO | Daha önce geçilmiş
2023-09-17 17:52:43,936 | INFO | It's not been too much after last validation skip.
2023-09-17 17:53:42,393 | INFO | Kayıtlı anahtar: BLANK	 Sonra eriş tarihi: BLANK	 En son geçme tarihi: 2023-09-17
2023-09-17 17:53:42,394 | INFO | Daha önce geçilmiş
2023-09-17 17:53:42,394 | INFO | It's not been too much after last validation skip.
2023-09-17 17:53:58,627 | INFO | Kayıtlı anahtar: BLANK	 Sonra eriş tarihi: BLANK	 En son geçme tarihi: 2023-09-17
2023-09-17 17:53:58,627 | INFO | Daha önce geçilmiş
2023-09-17 17:53:58,628 | INFO | It's not been too much after last validation skip.
2023-09-17 17:54:19,296 | INFO | Kayıtlı anahtar: BLANK	 Sonra eriş tarihi: BLANK	 En son geçme tarihi: 2023-09-17
2023-09-17 17:54:19,296 | INFO | Daha önce geçilmiş
2023-09-17 17:54:19,296 | INFO | It's not been too much after last validation skip.
2023-09-17 18:03:30,428 | INFO | Kayıtlı anahtar: BLANK	 Sonra eriş tarihi: BLANK	 En son geçme tarihi: 2023-09-17
2023-09-17 18:03:30,429 | INFO | Daha önce geçilmiş
2023-09-17 18:03:30,429 | INFO | It's not been too much after last validation skip.
2023-09-17 18:03:53,048 | INFO | Kayıtlı anahtar: BLANK	 Sonra eriş tarihi: BLANK	 En son geçme tarihi: 2023-09-17
2023-09-17 18:03:53,048 | INFO | Daha önce geçilmiş
2023-09-17 18:03:53,048 | INFO | It's not been too much after last validation skip.
2023-09-17 18:04:17,124 | INFO | Kayıtlı anahtar: BLANK	 Sonra eriş tarihi: BLANK	 En son geçme tarihi: 2023-09-17
2023-09-17 18:04:17,124 | INFO | Daha önce geçilmiş
2023-09-17 18:04:17,124 | INFO | It's not been too much after last validation skip.
2023-09-17 18:08:48,074 | INFO | Kayıtlı anahtar: BLANK	 Sonra eriş tarihi: BLANK	 En son geçme tarihi: 2023-09-17
2023-09-17 18:08:48,075 | INFO | Daha önce geçilmiş
2023-09-17 18:08:48,075 | INFO | It's not been too much after last validation skip.
2023-09-17 18:09:43,677 | INFO | Kayıtlı anahtar: BLANK	 Sonra eriş tarihi: BLANK	 En son geçme tarihi: 2023-09-17
2023-09-17 18:09:43,677 | INFO | Daha önce geçilmiş
2023-09-17 18:09:43,677 | INFO | It's not been too much after last validation skip.
2023-09-17 18:10:02,449 | INFO | Kayıtlı anahtar: BLANK	 Sonra eriş tarihi: BLANK	 En son geçme tarihi: 2023-09-17
2023-09-17 18:10:02,449 | INFO | Daha önce geçilmiş
2023-09-17 18:10:02,449 | INFO | It's not been too much after last validation skip.
2023-09-17 18:11:10,945 | INFO | Kayıtlı anahtar: BLANK	 Sonra eriş tarihi: BLANK	 En son geçme tarihi: 2023-09-17
2023-09-17 18:11:10,945 | INFO | Daha önce geçilmiş
2023-09-17 18:11:10,945 | INFO | It's not been too much after last validation skip.
2023-09-17 18:16:51,777 | INFO | Kayıtlı anahtar: BLANK	 Sonra eriş tarihi: BLANK	 En son geçme tarihi: 2023-09-17
2023-09-17 18:16:51,778 | INFO | Daha önce geçilmiş
2023-09-17 18:16:51,778 | INFO | It's not been too much after last validation skip.
2023-09-17 18:18:46,059 | INFO | Kayıtlı anahtar: BLANK	 Sonra eriş tarihi: BLANK	 En son geçme tarihi: 2023-09-17
2023-09-17 18:18:46,059 | INFO | Daha önce geçilmiş
2023-09-17 18:18:46,059 | INFO | It's not been too much after last validation skip.
2023-09-17 18:21:49,815 | INFO | Kayıtlı anahtar: BLANK	 Sonra eriş tarihi: BLANK	 En son geçme tarihi: 2023-09-17
2023-09-17 18:21:49,816 | INFO | Daha önce geçilmiş
2023-09-17 18:21:49,816 | INFO | It's not been too much after last validation skip.
2023-09-17 18:22:03,864 | INFO | Kayıtlı anahtar: BLANK	 Sonra eriş tarihi: BLANK	 En son geçme tarihi: 2023-09-17
2023-09-17 18:22:03,864 | INFO | Daha önce geçilmiş
2023-09-17 18:22:03,864 | INFO | It's not been too much after last validation skip.
2023-09-17 18:29:17,847 | INFO | Kayıtlı anahtar: BLANK	 Sonra eriş tarihi: BLANK	 En son geçme tarihi: 2023-09-17
2023-09-17 18:29:17,848 | INFO | Daha önce geçilmiş
2023-09-17 18:29:17,848 | INFO | It's not been too much after last validation skip.
2023-09-17 18:30:06,830 | INFO | Kayıtlı anahtar: BLANK	 Sonra eriş tarihi: BLANK	 En son geçme tarihi: 2023-09-17
2023-09-17 18:30:06,830 | INFO | Daha önce geçilmiş
2023-09-17 18:30:06,830 | INFO | It's not been too much after last validation skip.
2023-09-17 18:30:30,921 | INFO | Kayıtlı anahtar: BLANK	 Sonra eriş tarihi: BLANK	 En son geçme tarihi: 2023-09-17
2023-09-17 18:30:30,921 | INFO | Daha önce geçilmiş
2023-09-17 18:30:30,921 | INFO | It's not been too much after last validation skip.
2023-09-17 18:30:59,233 | INFO | Kayıtlı anahtar: BLANK	 Sonra eriş tarihi: BLANK	 En son geçme tarihi: 2023-09-17
2023-09-17 18:30:59,233 | INFO | Daha önce geçilmiş
2023-09-17 18:30:59,233 | INFO | It's not been too much after last validation skip.
2023-09-17 18:31:44,444 | INFO | Kayıtlı anahtar: BLANK	 Sonra eriş tarihi: BLANK	 En son geçme tarihi: 2023-09-17
2023-09-17 18:31:44,444 | INFO | Daha önce geçilmiş
2023-09-17 18:31:44,444 | INFO | It's not been too much after last validation skip.
2023-09-17 18:31:52,672 | INFO | Kayıtlı anahtar: BLANK	 Sonra eriş tarihi: BLANK	 En son geçme tarihi: 2023-09-17
2023-09-17 18:31:52,672 | INFO | Daha önce geçilmiş
2023-09-17 18:31:52,672 | INFO | It's not been too much after last validation skip.
2023-09-17 18:32:13,269 | INFO | Kayıtlı anahtar: BLANK	 Sonra eriş tarihi: BLANK	 En son geçme tarihi: 2023-09-17
2023-09-17 18:32:13,269 | INFO | Daha önce geçilmiş
2023-09-17 18:32:13,269 | INFO | It's not been too much after last validation skip.
2023-09-17 18:36:22,152 | INFO | Kayıtlı anahtar: BLANK	 Sonra eriş tarihi: BLANK	 En son geçme tarihi: 2023-09-17
2023-09-17 18:36:22,152 | INFO | Daha önce geçilmiş
2023-09-17 18:36:22,153 | INFO | It's not been too much after last validation skip.
2023-09-17 18:39:09,144 | INFO | Kayıtlı anahtar: BLANK	 Sonra eriş tarihi: BLANK	 En son geçme tarihi: 2023-09-17
2023-09-17 18:39:09,144 | INFO | Daha önce geçilmiş
2023-09-17 18:39:09,144 | INFO | It's not been too much after last validation skip.
2023-09-17 18:40:09,101 | INFO | Kayıtlı anahtar: BLANK	 Sonra eriş tarihi: BLANK	 En son geçme tarihi: 2023-09-17
2023-09-17 18:40:09,102 | INFO | Daha önce geçilmiş
2023-09-17 18:40:09,102 | INFO | It's not been too much after last validation skip.
2023-09-17 18:40:54,144 | INFO | Kayıtlı anahtar: BLANK	 Sonra eriş tarihi: BLANK	 En son geçme tarihi: 2023-09-17
2023-09-17 18:40:54,144 | INFO | Daha önce geçilmiş
2023-09-17 18:40:54,144 | INFO | It's not been too much after last validation skip.
2023-09-17 18:43:45,420 | INFO | Kayıtlı anahtar: BLANK	 Sonra eriş tarihi: BLANK	 En son geçme tarihi: 2023-09-17
2023-09-17 18:43:45,420 | INFO | Daha önce geçilmiş
2023-09-17 18:43:45,420 | INFO | It's not been too much after last validation skip.
2023-09-17 18:45:00,201 | INFO | Kayıtlı anahtar: BLANK	 Sonra eriş tarihi: BLANK	 En son geçme tarihi: 2023-09-17
2023-09-17 18:45:00,201 | INFO | Daha önce geçilmiş
2023-09-17 18:45:00,201 | INFO | It's not been too much after last validation skip.
2023-09-17 18:50:25,135 | INFO | Kayıtlı anahtar: BLANK	 Sonra eriş tarihi: BLANK	 En son geçme tarihi: 2023-09-17
2023-09-17 18:50:25,135 | INFO | Daha önce geçilmiş
2023-09-17 18:50:25,135 | INFO | It's not been too much after last validation skip.
2023-09-17 18:50:52,156 | INFO | Kayıtlı anahtar: BLANK	 Sonra eriş tarihi: BLANK	 En son geçme tarihi: 2023-09-17
2023-09-17 18:50:52,157 | INFO | Daha önce geçilmiş
2023-09-17 18:50:52,157 | INFO | It's not been too much after last validation skip.
2023-09-17 18:51:58,947 | INFO | Kayıtlı anahtar: BLANK	 Sonra eriş tarihi: BLANK	 En son geçme tarihi: 2023-09-17
2023-09-17 18:51:58,947 | INFO | Daha önce geçilmiş
2023-09-17 18:51:58,947 | INFO | It's not been too much after last validation skip.
